+ module load physics gdal
+ '[' -z '' ']'
+ case "$-" in
+ __lmod_sh_dbg=x
+ '[' -n x ']'
+ set +x
Shell debugging temporarily silenced: export LMOD_SH_DBG_ON=1 for Lmod's output
Shell debugging restarted
+ unset __lmod_sh_dbg
+ return 0
+ module load python/3.9.0
+ '[' -z '' ']'
+ case "$-" in
+ __lmod_sh_dbg=x
+ '[' -n x ']'
+ set +x
Shell debugging temporarily silenced: export LMOD_SH_DBG_ON=1 for Lmod's output
Shell debugging restarted
+ unset __lmod_sh_dbg
+ return 0
+ module load py-gdal-utils
+ '[' -z '' ']'
+ case "$-" in
+ __lmod_sh_dbg=x
+ '[' -n x ']'
+ set +x
Shell debugging temporarily silenced: export LMOD_SH_DBG_ON=1 for Lmod's output
Shell debugging restarted
+ unset __lmod_sh_dbg
+ return 0
+ mkdir -p /scratch/users/epavia/gmted2010
+ '[' '!' -f /scratch/users/epavia/gmted2010/gmted2010-urls.txt ']'
+ make -j 8 -f /home/users/epavia/gef-rapid-es-assessments/data-cache/procured-sources/usgs-gmted2010/Makefile -C /scratch/users/epavia/gmted2010 allxyztiles
make: Entering directory `/scratch/users/epavia/gmted2010'
GDAL_CACHEMAX=2048 gdal2tiles.py --xyz -r near --zoom=1-8 --processes=1 gmted2010-mea075-colorized-warp.tif gmted2010-mea075.xyztiles
GDAL_CACHEMAX=2048 gdal2tiles.py --xyz -r near --zoom=1-8 --processes=1 gmted2010-std075-colorized-warp.tif gmted2010-std075.xyztiles
GDAL_CACHEMAX=2048 gdal2tiles.py --xyz -r near --zoom=1-8 --processes=1 gmted2010-med075-colorized-warp.tif gmted2010-med075.xyztiles
GDAL_CACHEMAX=2048 gdal2tiles.py --xyz -r near --zoom=1-8 --processes=1 gmted2010-min075-colorized-warp.tif gmted2010-min075.xyztiles
Generating Base Tiles:
0Generating Base Tiles:
0Generating Base Tiles:
0Generating Base Tiles:
0............10101010............20202020............30303030............404040.40...........50505050...60..........70.60...6060........8070....70.70......9080.....80...80..100
Generating Overview Tiles:
0.....1090.....20....90.30....40.90...50......60.100
Generating Overview Tiles:
0......70..10....100
Generating Overview Tiles:
0.80..20........109030.....100
Generating Overview Tiles:
0.....100
20.40....10....30.50....20....40.60.....30...5070......40...60.80....50....70.90.....60...100
.80..70....90...80..100
..90...100
make: Leaving directory `/scratch/users/epavia/gmted2010'
