+ module load physics gdal
+ '[' -z '' ']'
+ case "$-" in
+ __lmod_sh_dbg=x
+ '[' -n x ']'
+ set +x
Shell debugging temporarily silenced: export LMOD_SH_DBG_ON=1 for Lmod's output
Shell debugging restarted
+ unset __lmod_sh_dbg
+ return 0
+ mkdir -p /scratch/users/epavia/gmted2010
+ '[' '!' -f /scratch/users/epavia/gmted2010/gmted2010-urls.txt ']'
+ make -j 8 -f /home/users/epavia/gef-rapid-es-assessments/data-cache/procured-sources/usgs-gmted2010/Makefile -C /scratch/users/epavia/gmted2010 all
make: Entering directory `/scratch/users/epavia/gmted2010'
GDAL_CACHEMAX=2048 gdaldem color-relief -alpha -co "COMPRESS=LZW" -co "PREDICTOR=2" -co "TILED=YES" -co "SPARSE_OK=False" -co "BIGTIFF=YES" -co "NUM_THREADS=8" gmted2010-bln150-colorized.tif /home/users/epavia/gef-rapid-es-assessments/data-cache/procured-sources/usgs-gmted2010//colorprofile.txt gmted2010-bln150.tif
GDAL_CACHEMAX=2048 gdaldem color-relief -alpha -co "COMPRESS=LZW" -co "PREDICTOR=2" -co "TILED=YES" -co "SPARSE_OK=False" -co "BIGTIFF=YES" -co "NUM_THREADS=8" gmted2010-bln300-colorized.tif /home/users/epavia/gef-rapid-es-assessments/data-cache/procured-sources/usgs-gmted2010//colorprofile.txt gmted2010-bln300.tif
GDAL_CACHEMAX=2048 gdaldem color-relief -alpha -co "COMPRESS=LZW" -co "PREDICTOR=2" -co "TILED=YES" -co "SPARSE_OK=False" -co "BIGTIFF=YES" -co "NUM_THREADS=8" gmted2010-max075-colorized.tif /home/users/epavia/gef-rapid-es-assessments/data-cache/procured-sources/usgs-gmted2010//colorprofile.txt gmted2010-max075.tif
GDAL_CACHEMAX=2048 gdaldem color-relief -alpha -co "COMPRESS=LZW" -co "PREDICTOR=2" -co "TILED=YES" -co "SPARSE_OK=False" -co "BIGTIFF=YES" -co "NUM_THREADS=8" gmted2010-max150-colorized.tif /home/users/epavia/gef-rapid-es-assessments/data-cache/procured-sources/usgs-gmted2010//colorprofile.txt gmted2010-max150.tif
GDAL_CACHEMAX=2048 gdaldem color-relief -alpha -co "COMPRESS=LZW" -co "PREDICTOR=2" -co "TILED=YES" -co "SPARSE_OK=False" -co "BIGTIFF=YES" -co "NUM_THREADS=8" gmted2010-max300-colorized.tif /home/users/epavia/gef-rapid-es-assessments/data-cache/procured-sources/usgs-gmted2010//colorprofile.txt gmted2010-max300.tif
ERROR 4: gmted2010-max150-colorized.tif: No such file or directory
ERROR 4: gmted2010-bln300-colorized.tif: No such file or directory
GDALOpen failed - 4
gmted2010-max150-colorized.tif: No such file or directory
GDALOpen failed - 4
gmted2010-bln300-colorized.tif: No such file or directory
ERROR 4: gmted2010-max300-colorized.tif: No such file or directory
GDALOpen failed - 4
gmted2010-max300-colorized.tif: No such file or directory
ERROR 4: gmted2010-bln150-colorized.tif: No such file or directory
GDALOpen failed - 4
gmted2010-bln150-colorized.tif: No such file or directory
ERROR 4: gmted2010-max075-colorized.tif: No such file or directory
GDALOpen failed - 4
gmted2010-max075-colorized.tif: No such file or directory
make: *** [gmted2010-bln150.tif] Error 1
make: *** Waiting for unfinished jobs....
make: *** [gmted2010-bln300.tif] Error 1
make: *** [gmted2010-max075.tif] Error 1
make: *** [gmted2010-max150.tif] Error 1
make: *** [gmted2010-max300.tif] Error 1
make: Leaving directory `/scratch/users/epavia/gmted2010'
