+ module load physics gdal/3.4.1
+ '[' -z '' ']'
+ case "$-" in
+ __lmod_sh_dbg=x
+ '[' -n x ']'
+ set +x
Shell debugging temporarily silenced: export LMOD_SH_DBG_ON=1 for Lmod's output
Shell debugging restarted
+ unset __lmod_sh_dbg
+ return 0
+ module load python/3.9.0
+ '[' -z '' ']'
+ case "$-" in
+ __lmod_sh_dbg=x
+ '[' -n x ']'
+ set +x
Shell debugging temporarily silenced: export LMOD_SH_DBG_ON=1 for Lmod's output
Shell debugging restarted
+ unset __lmod_sh_dbg
+ return 0
+ module load py-gdal-utils
+ '[' -z '' ']'
+ case "$-" in
+ __lmod_sh_dbg=x
+ '[' -n x ']'
+ set +x
Shell debugging temporarily silenced: export LMOD_SH_DBG_ON=1 for Lmod's output
Shell debugging restarted
+ unset __lmod_sh_dbg
+ return 0
+ TARGET_OAK_DIR=/oak/stanford/groups/gdaily/global-dataset-cache/nasa-hgt-v1-1s
+ mkdir -p /oak/stanford/groups/gdaily/global-dataset-cache/nasa-hgt-v1-1s
+ SCRATCH_DIR=/scratch/users/epavia/nasa-hgt-v1-1s
+ SCRATCH_TILES_DIR=/scratch/users/epavia/nasa-hgt-v1-1s/tiles
+ mkdir /scratch/users/epavia/nasa-hgt-v1-1s
mkdir: cannot create directory ‘/scratch/users/epavia/nasa-hgt-v1-1s’: File exists
+ echo 'Dir already exists: /scratch/users/epavia/nasa-hgt-v1-1s'
Dir already exists: /scratch/users/epavia/nasa-hgt-v1-1s
+ mkdir -p /scratch/users/epavia/nasa-hgt-v1-1s/tiles
++ pwd
+ scratch_make='make N_WORKERS=8 -C /scratch/users/epavia/nasa-hgt-v1-1s -f /home/users/epavia/gef-rapid-es-assessments/data-cache/procured-sources/nasa-hgt/Makefile'
+ make N_WORKERS=8 -C /scratch/users/epavia/nasa-hgt-v1-1s -f /home/users/epavia/gef-rapid-es-assessments/data-cache/procured-sources/nasa-hgt/Makefile download-batch
make: Entering directory `/scratch/users/epavia/nasa-hgt-v1-1s'
cat /home/users/epavia/gef-rapid-es-assessments/data-cache/procured-sources/nasa-hgt//nasahgt_urls.txt | parallel -j8 "wget \
	--no-verbose --no-clobber --tries=20 --random-wait --retry-connrefused \
	--user=\"epavia@stanford.edu\" --password=\"Howexciting23!!\" \
	--directory-prefix=tiles {}"
make: Leaving directory `/scratch/users/epavia/nasa-hgt-v1-1s'
+ print_now
++ date
+ echo 'The time right now is Thu Jun 13 13:32:35 PDT 2024'
The time right now is Thu Jun 13 13:32:35 PDT 2024
+ make N_WORKERS=8 -C /scratch/users/epavia/nasa-hgt-v1-1s -f /home/users/epavia/gef-rapid-es-assessments/data-cache/procured-sources/nasa-hgt/Makefile nasa-hgt-v1-1s.tif
make: Entering directory `/scratch/users/epavia/nasa-hgt-v1-1s'
gdalbuildvrt nasa-hgt-v1-1s.vrt -input_file_list /home/users/epavia/gef-rapid-es-assessments/data-cache/procured-sources/nasa-hgt//nasa_hgt_paths.txt
ERROR 1: No input dataset specified.
Usage: gdalbuildvrt [-tileindex field_name]
                    [-resolution {highest|lowest|average|user}]
                    [-te xmin ymin xmax ymax] [-tr xres yres] [-tap]
                    [-separate] [-b band] [-sd subdataset]
                    [-allow_projection_difference] [-q]
                    [-addalpha] [-hidenodata]
                    [-srcnodata "value [value...]"] [-vrtnodata "value [value...]"] 
                    [-ignore_srcmaskband]
                    [-a_srs srs_def]
                    [-r {nearest,bilinear,cubic,cubicspline,lanczos,average,mode}]
                    [-oo NAME=VALUE]*
                    [-input_file_list my_list.txt] [-overwrite] output.vrt [gdalfile]*

e.g.
  % gdalbuildvrt doq_index.vrt doq/*.tif
  % gdalbuildvrt -input_file_list my_list.txt doq_index.vrt

NOTES:
  o With -separate, each files goes into a separate band in the VRT band.
    Otherwise, the files are considered as tiles of a larger mosaic.
  o -b option selects a band to add into vrt.  Multiple bands can be listed.
    By default all bands are queried.
  o The default tile index field is 'location' unless otherwise specified by
    -tileindex.
  o In case the resolution of all input files is not the same, the -resolution
    flag enable the user to control the way the output resolution is computed.
    Average is the default.
  o Input files may be any valid GDAL dataset or a GDAL raster tile index.
  o For a GDAL raster tile index, all entries will be added to the VRT.
  o If one GDAL dataset is made of several subdatasets and has 0 raster bands,
    its datasets will be added to the VRT rather than the dataset itself.
    Single subdataset could be selected by its number using the -sd option.
  o By default, only datasets of same projection and band characteristics
    may be added to the VRT.
make: *** [nasa-hgt-v1-1s.vrt] Error 1
make: Leaving directory `/scratch/users/epavia/nasa-hgt-v1-1s'
