+ module load physics gdal/3.5.2
+ '[' -z '' ']'
+ case "$-" in
+ __lmod_sh_dbg=x
+ '[' -n x ']'
+ set +x
Shell debugging temporarily silenced: export LMOD_SH_DBG_ON=1 for Lmod's output
Shell debugging restarted
+ unset __lmod_sh_dbg
+ return 0
+ module load python/3.9.0
+ '[' -z '' ']'
+ case "$-" in
+ __lmod_sh_dbg=x
+ '[' -n x ']'
+ set +x
Shell debugging temporarily silenced: export LMOD_SH_DBG_ON=1 for Lmod's output
Shell debugging restarted
+ unset __lmod_sh_dbg
+ return 0
+ TARGET_OAK_DIR=/oak/stanford/groups/gdaily/global-dataset-cache/aster-v3-1s
+ mkdir -p /oak/stanford/groups/gdaily/global-dataset-cache/aster-v3-1s
+ SCRATCH_DIR=/scratch/users/epavia/aster-v3-1s
+ SCRATCH_TILES_DIR=/scratch/users/epavia/aster-v3-1s/tiles
+ mkdir /scratch/users/epavia/aster-v3-1s
mkdir: cannot create directory ‘/scratch/users/epavia/aster-v3-1s’: File exists
+ echo 'Dir already exists: /scratch/users/epavia/aster-v3-1s'
Dir already exists: /scratch/users/epavia/aster-v3-1s
+ mkdir -p /scratch/users/epavia/aster-v3-1s/tiles
++ pwd
+ scratch_make='make N_WORKERS=8 -C /scratch/users/epavia/aster-v3-1s -f /home/users/epavia/gef-rapid-es-assessments/data-cache/procured-sources/aster-dem-30m/Makefile'
+ make N_WORKERS=8 -C /scratch/users/epavia/aster-v3-1s -f /home/users/epavia/gef-rapid-es-assessments/data-cache/procured-sources/aster-dem-30m/Makefile download-batch
make: Entering directory `/scratch/users/epavia/aster-v3-1s'
make: /home/users/epavia/gef-rapid-es-assessments/data-cache/procured-sources/aster-dem-30m/Makefile: No such file or directory
make: *** No rule to make target `/home/users/epavia/gef-rapid-es-assessments/data-cache/procured-sources/aster-dem-30m/Makefile'.  Stop.
make: Leaving directory `/scratch/users/epavia/aster-v3-1s'
