+ module load physics gdal/3.5.2
+ '[' -z '' ']'
+ case "$-" in
+ __lmod_sh_dbg=x
+ '[' -n x ']'
+ set +x
Shell debugging temporarily silenced: export LMOD_SH_DBG_ON=1 for Lmod's output
Shell debugging restarted
+ unset __lmod_sh_dbg
+ return 0
+ module load python/3.9.0
+ '[' -z '' ']'
+ case "$-" in
+ __lmod_sh_dbg=x
+ '[' -n x ']'
+ set +x
Shell debugging temporarily silenced: export LMOD_SH_DBG_ON=1 for Lmod's output
Shell debugging restarted
+ unset __lmod_sh_dbg
+ return 0
+ module load py-gdal-utils
+ '[' -z '' ']'
+ case "$-" in
+ __lmod_sh_dbg=x
+ '[' -n x ']'
+ set +x
Shell debugging temporarily silenced: export LMOD_SH_DBG_ON=1 for Lmod's output

The following have been reloaded with a version change:
  1) gdal/3.5.2 => gdal/3.4.1     2) proj/9.1.0 => proj/8.2.1

Shell debugging restarted
+ unset __lmod_sh_dbg
+ return 0
+ TARGET_OAK_DIR=/oak/stanford/groups/gdaily/global-dataset-cache/aster-v3-1s
+ mkdir -p /oak/stanford/groups/gdaily/global-dataset-cache/aster-v3-1s
+ SCRATCH_DIR=/scratch/users/epavia/aster-v3-1s
+ SCRATCH_TILES_DIR=/scratch/users/epavia/aster-v3-1s/tiles
+ mkdir /scratch/users/epavia/aster-v3-1s
mkdir: cannot create directory ‘/scratch/users/epavia/aster-v3-1s’: File exists
+ echo 'Dir already exists: /scratch/users/epavia/aster-v3-1s'
Dir already exists: /scratch/users/epavia/aster-v3-1s
+ mkdir -p /scratch/users/epavia/aster-v3-1s/tiles
++ pwd
+ scratch_make='make N_WORKERS=8 -C /scratch/users/epavia/aster-v3-1s -f /home/users/epavia/gef-rapid-es-assessments/data-cache/procured-sources/aster-dem-30m/Makefile'
+ print_now
++ date
+ echo 'The time right now is Tue May 28 20:13:01 PDT 2024'
The time right now is Tue May 28 20:13:01 PDT 2024
+ make N_WORKERS=8 -C /scratch/users/epavia/aster-v3-1s -f /home/users/epavia/gef-rapid-es-assessments/data-cache/procured-sources/aster-dem-30m/Makefile xyztiles
make: Entering directory `/scratch/users/epavia/aster-v3-1s'
GDAL_CACHEMAX=2048 gdal2tiles.py --xyz -r near --zoom=1-8 --processes=8 aster-v3-1s-colorized.tif xyztiles
Generating Base Tiles:
0...10...20...30...40...50...60...70..slurmstepd: error: *** JOB 47386069 ON sh03-18n19 CANCELLED AT 2024-05-29T01:13:20 DUE TO TIME LIMIT ***
