+ module load physics gdal/3.5.2
+ '[' -z '' ']'
+ case "$-" in
+ __lmod_sh_dbg=x
+ '[' -n x ']'
+ set +x
Shell debugging temporarily silenced: export LMOD_SH_DBG_ON=1 for Lmod's output
Shell debugging restarted
+ unset __lmod_sh_dbg
+ return 0
+ module load python/3.9.0
+ '[' -z '' ']'
+ case "$-" in
+ __lmod_sh_dbg=x
+ '[' -n x ']'
+ set +x
Shell debugging temporarily silenced: export LMOD_SH_DBG_ON=1 for Lmod's output
Shell debugging restarted
+ unset __lmod_sh_dbg
+ return 0
+ TARGET_OAK_DIR=/oak/stanford/groups/gdaily/global-dataset-cache/aster-v3-1s
+ mkdir -p /oak/stanford/groups/gdaily/global-dataset-cache/aster-v3-1s
+ SCRATCH_DIR=/scratch/users/epavia/aster-v3-1s
+ SCRATCH_TILES_DIR=/scratch/users/epavia/aster-v3-1s/tiles
+ mkdir /scratch/users/epavia/aster-v3-1s
mkdir: cannot create directory ‘/scratch/users/epavia/aster-v3-1s’: File exists
+ echo 'Dir already exists: /scratch/users/epavia/aster-v3-1s'
Dir already exists: /scratch/users/epavia/aster-v3-1s
+ mkdir -p /scratch/users/epavia/aster-v3-1s/tiles
++ pwd
+ scratch_make='make N_WORKERS=8 -C /scratch/users/epavia/aster-v3-1s -f /home/users/epavia/gef-rapid-es-assessments/data-cache/procured-sources/aster-dem-30m/Makefile'
+ make N_WORKERS=8 -C /scratch/users/epavia/aster-v3-1s -f /home/users/epavia/gef-rapid-es-assessments/data-cache/procured-sources/aster-dem-30m/Makefile download-batch
make: Entering directory `/scratch/users/epavia/aster-v3-1s'
cat /home/users/epavia/gef-rapid-es-assessments/data-cache/procured-sources/aster-dem-30m//aster30m_urls.txt | parallel -j8 "wget \
	--no-verbose --no-clobber --tries=20 --random-wait --retry-connrefused \
	--user=\"epavia@stanford.edu\" --password=\"Howexciting23!!\" \
	--directory-prefix=tiles {}"
make: Leaving directory `/scratch/users/epavia/aster-v3-1s'
+ make N_WORKERS=8 -C /scratch/users/epavia/aster-v3-1s -f /home/users/epavia/gef-rapid-es-assessments/data-cache/procured-sources/aster-dem-30m/Makefile create-paths
make: Entering directory `/scratch/users/epavia/aster-v3-1s'
python3 /home/users/epavia/gef-rapid-es-assessments/data-cache/procured-sources/aster-dem-30m//aster_tif_paths.py tiles > aster_tif_paths.txt
make: Leaving directory `/scratch/users/epavia/aster-v3-1s'
+ print_now
++ date
+ echo 'The time right now is Thu May  9 16:04:24 PDT 2024'
The time right now is Thu May  9 16:04:24 PDT 2024
+ make N_WORKERS=8 -C /scratch/users/epavia/aster-v3-1s -f /home/users/epavia/gef-rapid-es-assessments/data-cache/procured-sources/aster-dem-30m/Makefile aster-v3-1s.tif
make: Entering directory `/scratch/users/epavia/aster-v3-1s'
gdalbuildvrt aster.vrt -input_file_list /home/users/epavia/gef-rapid-es-assessments/data-cache/procured-sources/aster-dem-30m//aster_tif_paths.txt
0...10...20...30...40...50...60...70...80...90...100 - done.
GDAL_CACHEMAX=2048 gdal_translate -ot "Int16" -co "COMPRESS=LZW" -co "PREDICTOR=2" -co "TILED=YES" -co "SPARSE_OK=False" -co "BIGTIFF=YES" -co "NUM_THREADS=8" aster.vrt aster-v3-1s.tif
Input file size is 1296001, 597601
0...